Started by user [8mha:////4No/f6glFmRLX5ebmbIECRV1UilxYmCDUZVMEFB74V00AAAApB+LCAAAAAAAAP9b85aBtbiIQTGjNKU4P08vOT+vOD8nVc83PyU1x6OyILUoJzMv2y+/JJUBAhiZGBgqihhk0NSjKDWzXb3RdlLBUSYGJk8GtpzUvPSSDB8G5tKinBIGIZ+sxLJE/ZzEvHT94JKizLx0a6BxUmjGOUNodHsLgAzhEgZJ/dLi1CL9xNzMvFSHgsyKxJzM/LxUoOZcAA0R/WrOAAAA[0mamine@pixalione.com
Obtained Jenkinsfile from 11f2e07a088f8abf2eb6cd94429c2c90a382f527
Running in Durability level: MAX_SURVIVABILITY
Loading library rdpixalione/config-server@master
Attempting to resolve master from remote references...
 > git --version # timeout=10
using GIT_ASKPASS to set credentials 
 > git ls-remote -h -t https://AminePix@bitbucket.org/rdpixalione/config-server.git # timeout=10
Found match: refs/heads/master revision 479b5a6812dc492e4d25d4b468c885456891f86c
 > git rev-parse --is-inside-work-tree # timeout=10
Fetching changes from the remote Git repository
 > git config remote.origin.url https://AminePix@bitbucket.org/rdpixalione/config-server.git # timeout=10
Fetching without tags
Fetching upstream changes from https://AminePix@bitbucket.org/rdpixalione/config-server.git
 > git --version # timeout=10
using GIT_ASKPASS to set credentials 
 > git fetch --no-tags --progress https://AminePix@bitbucket.org/rdpixalione/config-server.git +refs/heads/*:refs/remotes/origin/*
Checking out Revision 479b5a6812dc492e4d25d4b468c885456891f86c (master)
 > git config core.sparsecheckout # timeout=10
 > git checkout -f 479b5a6812dc492e4d25d4b468c885456891f86c
Commit message: "Adding shell Commands"
 > git rev-list --no-walk 9a9c6ff62eb13f93d57fbb2c1833491a52de5184 # timeout=10
[Bitbucket] Notifying commit build result
[8mha:////4M0V9PLP6zVz+MKemnNnnAazoay+mPDPpiBaS17KUDe5AAAAaB+LCAAAAAAAAP9b85aBtbiIwTG/KF0vKzUvOzOvODlTryCnNB3I0ivPL8pOy8kv18vKT9JLzs8rzs9J1QuHCgaV5jlDhPzyS1IZIICRiYGhoohBKqM0pTg/D64Hh8ICAFt0h+h/AAAA[0m[Pipeline] sh
Required context class hudson.FilePath is missing
Perhaps you forgot to surround the code with a step that provides this, such as: node
[8mha:////4M0V9PLP6zVz+MKemnNnnAazoay+mPDPpiBaS17KUDe5AAAAaB+LCAAAAAAAAP9b85aBtbiIwTG/KF0vKzUvOzOvODlTryCnNB3I0ivPL8pOy8kv18vKT9JLzs8rzs9J1QuHCgaV5jlDhPzyS1IZIICRiYGhoohBKqM0pTg/D64Hh8ICAFt0h+h/AAAA[0m[Pipeline] End of Pipeline
[Bitbucket] Notifying commit build result
[Bitbucket] Build result notified
org.jenkinsci.plugins.workflow.steps.MissingContextVariableException: Required context class hudson.FilePath is missing
	at org.jenkinsci.plugins.workflow.steps.StepDescriptor.checkContextAvailability(StepDescriptor.java:260)
	at org.jenkinsci.plugins.workflow.cps.DSL.invokeStep(DSL.java:206)
	at org.jenkinsci.plugins.workflow.cps.DSL.invokeMethod(DSL.java:153)
	at org.jenkinsci.plugins.workflow.cps.CpsScript.invokeMethod(CpsScript.java:108)
	at org.codehaus.groovy.runtime.callsite.PogoMetaClassSite.call(PogoMetaClassSite.java:48)
	at org.codehaus.groovy.runtime.callsite.CallSiteArray.defaultCall(CallSiteArray.java:48)
	at org.codehaus.groovy.runtime.callsite.AbstractCallSite.call(AbstractCallSite.java:113)
	at com.cloudbees.groovy.cps.sandbox.DefaultInvoker.methodCall(DefaultInvoker.java:20)
	at standardPipeline.call(/var/jenkins_home/jobs/language_detection_service/branches/master/builds/54/libs/rdpixalione/config-server/vars/standardPipeline.groovy:9)
	at WorkflowScript.run(WorkflowScript:2)
	at ___cps.transform___(Native Method)
	at com.cloudbees.groovy.cps.impl.ContinuationGroup.methodCall(ContinuationGroup.java:57)
	at com.cloudbees.groovy.cps.impl.FunctionCallBlock$ContinuationImpl.dispatchOrArg(FunctionCallBlock.java:109)
	at com.cloudbees.groovy.cps.impl.FunctionCallBlock$ContinuationImpl.fixArg(FunctionCallBlock.java:82)
	at sun.reflect.GeneratedMethodAccessor517.invoke(Unknown Source)
	at sun.reflect.DelegatingMethodAccessorImpl.invoke(DelegatingMethodAccessorImpl.java:43)
	at java.lang.reflect.Method.invoke(Method.java:498)
	at com.cloudbees.groovy.cps.impl.ContinuationPtr$ContinuationImpl.receive(ContinuationPtr.java:72)
	at com.cloudbees.groovy.cps.impl.ConstantBlock.eval(ConstantBlock.java:21)
	at com.cloudbees.groovy.cps.Next.step(Next.java:83)
	at com.cloudbees.groovy.cps.Continuable$1.call(Continuable.java:174)
	at com.cloudbees.groovy.cps.Continuable$1.call(Continuable.java:163)
	at org.codehaus.groovy.runtime.GroovyCategorySupport$ThreadCategoryInfo.use(GroovyCategorySupport.java:122)
	at org.codehaus.groovy.runtime.GroovyCategorySupport.use(GroovyCategorySupport.java:261)
	at com.cloudbees.groovy.cps.Continuable.run0(Continuable.java:163)
	at org.jenkinsci.plugins.workflow.cps.SandboxContinuable.access$101(SandboxContinuable.java:34)
	at org.jenkinsci.plugins.workflow.cps.SandboxContinuable.lambda$run0$0(SandboxContinuable.java:59)
	at org.jenkinsci.plugins.scriptsecurity.sandbox.groovy.GroovySandbox.runInSandbox(GroovySandbox.java:108)
	at org.jenkinsci.plugins.workflow.cps.SandboxContinuable.run0(SandboxContinuable.java:58)
	at org.jenkinsci.plugins.workflow.cps.CpsThread.runNextChunk(CpsThread.java:174)
	at org.jenkinsci.plugins.workflow.cps.CpsThreadGroup.run(CpsThreadGroup.java:332)
	at org.jenkinsci.plugins.workflow.cps.CpsThreadGroup.access$200(CpsThreadGroup.java:83)
	at org.jenkinsci.plugins.workflow.cps.CpsThreadGroup$2.call(CpsThreadGroup.java:244)
	at org.jenkinsci.plugins.workflow.cps.CpsThreadGroup$2.call(CpsThreadGroup.java:232)
	at org.jenkinsci.plugins.workflow.cps.CpsVmExecutorService$2.call(CpsVmExecutorService.java:64)
	at java.util.concurrent.FutureTask.run(FutureTask.java:266)
	at hudson.remoting.SingleLaneExecutorService$1.run(SingleLaneExecutorService.java:131)
	at jenkins.util.ContextResettingExecutorService$1.run(ContextResettingExecutorService.java:28)
	at java.util.concurrent.Executors$RunnableAdapter.call(Executors.java:511)
	at java.util.concurrent.FutureTask.run(FutureTask.java:266)
	at java.util.concurrent.ThreadPoolExecutor.runWorker(ThreadPoolExecutor.java:1149)
	at java.util.concurrent.ThreadPoolExecutor$Worker.run(ThreadPoolExecutor.java:624)
	at java.lang.Thread.run(Thread.java:748)
Finished: FAILURE
